This is pdfTeX, Version 3.14159265-2.6-1.40.21 (TeX Live 2020) (preloaded format=pdflatex 2021.2.12)  23 FEB 2021 14:50
entering extended mode
 restricted \write18 enabled.
 %&-line parsing enabled.
**\input ./Rd2.tex
 (./Rd2.tex
(/Users/hzha400/Library/TinyTeX/texmf-dist/tex/latex/base/book.cls
Document Class: book 2020/04/10 v1.4m Standard LaTeX document class
(/Users/hzha400/Library/TinyTeX/texmf-dist/tex/latex/base/bk10.clo
File: bk10.clo 2020/04/10 v1.4m Standard LaTeX file (size option)
)
\c@part=\count177
\c@chapter=\count178
\c@section=\count179
\c@subsection=\count180
\c@subsubsection=\count181
\c@paragraph=\count182
\c@subparagraph=\count183
\c@figure=\count184
\c@table=\count185
\abovecaptionskip=\skip47
\belowcaptionskip=\skip48
\bibindent=\dimen138
)
(/Library/Frameworks/R.framework/Resources/share/texmf/tex/latex/Rd.sty
Package: Rd 

(/Users/hzha400/Library/TinyTeX/texmf-dist/tex/latex/base/ifthen.sty
Package: ifthen 2014/09/29 v1.1c Standard LaTeX ifthen package (DPC)
)
(/Users/hzha400/Library/TinyTeX/texmf-dist/tex/latex/tools/longtable.sty
Package: longtable 2020/01/07 v4.13 Multi-page Table package (DPC)
\LTleft=\skip49
\LTright=\skip50
\LTpre=\skip51
\LTpost=\skip52
\LTchunksize=\count186
\LTcapwidth=\dimen139
\LT@head=\box47
\LT@firsthead=\box48
\LT@foot=\box49
\LT@lastfoot=\box50
\LT@cols=\count187
\LT@rows=\count188
\c@LT@tables=\count189
\c@LT@chunks=\count190
\LT@p@ftn=\toks15
)
(/Users/hzha400/Library/TinyTeX/texmf-dist/tex/latex/tools/bm.sty
Package: bm 2019/07/24 v1.2d Bold Symbol Support (DPC/FMi)
\symboldoperators=\mathgroup4
\symboldletters=\mathgroup5
\symboldsymbols=\mathgroup6
LaTeX Font Info:    Redeclaring math alphabet \mathbf on input line 141.
LaTeX Info: Redefining \bm on input line 209.
)
(/Users/hzha400/Library/TinyTeX/texmf-dist/tex/latex/base/alltt.sty
Package: alltt 1997/06/16 v2.0g defines alltt environment
)
(/Users/hzha400/Library/TinyTeX/texmf-dist/tex/latex/tools/verbatim.sty
Package: verbatim 2020-07-07 v1.5u LaTeX2e package for verbatim enhancements
\every@verbatim=\toks16
\verbatim@line=\toks17
\verbatim@in@stream=\read2
)
(/Users/hzha400/Library/TinyTeX/texmf-dist/tex/latex/url/url.sty
\Urlmuskip=\muskip16
Package: url 2013/09/16  ver 3.4  Verb mode for urls, etc.
)
(/Users/hzha400/Library/TinyTeX/texmf-dist/tex/latex/base/textcomp.sty
Package: textcomp 2020/02/02 v2.0n Standard LaTeX package
)
\ldescriptionwidth=\skip53

(/Users/hzha400/Library/TinyTeX/texmf-dist/tex/latex/base/fontenc.sty
Package: fontenc 2020/08/10 v2.0s Standard LaTeX package
)
(/Users/hzha400/Library/TinyTeX/texmf-dist/tex/latex/psnfss/times.sty
Package: times 2020/03/25 PSNFSS-v9.3 (SPQR) 
)
(/Users/hzha400/Library/TinyTeX/texmf-dist/tex/latex/inconsolata/zi4.sty
Package: zi4 2019/05/17 v1.12

`inconsolata-zi4' v1.12, 2019/05/17 Text macros for Inconsolata (msharpe)
(/Users/hzha400/Library/TinyTeX/texmf-dist/tex/latex/xkeyval/xkeyval.sty
Package: xkeyval 2020/11/20 v2.8 package option processing (HA)

(/Users/hzha400/Library/TinyTeX/texmf-dist/tex/generic/xkeyval/xkeyval.tex
(/Users/hzha400/Library/TinyTeX/texmf-dist/tex/generic/xkeyval/xkvutils.tex
\XKV@toks=\toks18
\XKV@tempa@toks=\toks19

(/Users/hzha400/Library/TinyTeX/texmf-dist/tex/generic/xkeyval/keyval.tex))
\XKV@depth=\count191
File: xkeyval.tex 2014/12/03 v2.7a key=value parser (HA)
))
\zifour@ocount=\count192
)
(/Users/hzha400/Library/TinyTeX/texmf-dist/tex/latex/graphics/color.sty
Package: color 2020/02/24 v1.2b Standard LaTeX Color (DPC)

(/Users/hzha400/Library/TinyTeX/texmf-dist/tex/latex/graphics-cfg/color.cfg
File: color.cfg 2016/01/02 v1.6 sample color configuration
)
Package color Info: Driver file: pdftex.def on input line 147.

(/Users/hzha400/Library/TinyTeX/texmf-dist/tex/latex/graphics-def/pdftex.def
File: pdftex.def 2020/10/05 v1.2a Graphics/color driver for pdftex
))
(/Users/hzha400/Library/TinyTeX/texmf-dist/tex/latex/hyperref/hyperref.sty
Package: hyperref 2021-02-10 v7.00j Hypertext links for LaTeX

(/Users/hzha400/Library/TinyTeX/texmf-dist/tex/generic/ltxcmds/ltxcmds.sty
Package: ltxcmds 2020-05-10 v1.25 LaTeX kernel commands for general use (HO)
)
(/Users/hzha400/Library/TinyTeX/texmf-dist/tex/generic/iftex/iftex.sty
Package: iftex 2020/03/06 v1.0d TeX engine tests
)
(/Users/hzha400/Library/TinyTeX/texmf-dist/tex/generic/pdftexcmds/pdftexcmds.st
y
Package: pdftexcmds 2020-06-27 v0.33 Utility functions of pdfTeX for LuaTeX (HO
)

(/Users/hzha400/Library/TinyTeX/texmf-dist/tex/generic/infwarerr/infwarerr.sty
Package: infwarerr 2019/12/03 v1.5 Providing info/warning/error messages (HO)
)
Package pdftexcmds Info: \pdf@primitive is available.
Package pdftexcmds Info: \pdf@ifprimitive is available.
Package pdftexcmds Info: \pdfdraftmode found.
)
(/Users/hzha400/Library/TinyTeX/texmf-dist/tex/generic/kvsetkeys/kvsetkeys.sty
Package: kvsetkeys 2019/12/15 v1.18 Key value parser (HO)
)
(/Users/hzha400/Library/TinyTeX/texmf-dist/tex/generic/kvdefinekeys/kvdefinekey
s.sty
Package: kvdefinekeys 2019-12-19 v1.6 Define keys (HO)
)
(/Users/hzha400/Library/TinyTeX/texmf-dist/tex/generic/pdfescape/pdfescape.sty
Package: pdfescape 2019/12/09 v1.15 Implements pdfTeX's escape features (HO)
) (/Users/hzha400/Library/TinyTeX/texmf-dist/tex/latex/hycolor/hycolor.sty
Package: hycolor 2020-01-27 v1.10 Color options for hyperref/bookmark (HO)
)
(/Users/hzha400/Library/TinyTeX/texmf-dist/tex/latex/letltxmacro/letltxmacro.st
y
Package: letltxmacro 2019/12/03 v1.6 Let assignment for LaTeX macros (HO)
) (/Users/hzha400/Library/TinyTeX/texmf-dist/tex/latex/auxhook/auxhook.sty
Package: auxhook 2019-12-17 v1.6 Hooks for auxiliary files (HO)
)
(/Users/hzha400/Library/TinyTeX/texmf-dist/tex/latex/kvoptions/kvoptions.sty
Package: kvoptions 2020-10-07 v3.14 Key value format for package options (HO)
)
\@linkdim=\dimen140
\Hy@linkcounter=\count193
\Hy@pagecounter=\count194

(/Users/hzha400/Library/TinyTeX/texmf-dist/tex/latex/hyperref/pd1enc.def
File: pd1enc.def 2021-02-10 v7.00j Hyperref: PDFDocEncoding definition (HO)
Now handling font encoding PD1 ...
... no UTF-8 mapping file for font encoding PD1
)
(/Users/hzha400/Library/TinyTeX/texmf-dist/tex/latex/hyperref/hyperref-langpatc
hes.def
File: hyperref-langpatches.def 2021-02-10 v7.00j Hyperref: patches for babel la
nguages
)
(/Users/hzha400/Library/TinyTeX/texmf-dist/tex/generic/intcalc/intcalc.sty
Package: intcalc 2019/12/15 v1.3 Expandable calculations with integers (HO)
)
(/Users/hzha400/Library/TinyTeX/texmf-dist/tex/generic/etexcmds/etexcmds.sty
Package: etexcmds 2019/12/15 v1.7 Avoid name clashes with e-TeX commands (HO)
)
\Hy@SavedSpaceFactor=\count195

(/Users/hzha400/Library/TinyTeX/texmf-dist/tex/latex/hyperref/puenc.def
File: puenc.def 2021-02-10 v7.00j Hyperref: PDF Unicode definition (HO)
Now handling font encoding PU ...
... no UTF-8 mapping file for font encoding PU
)
Package hyperref Info: Hyper figures OFF on input line 4192.
Package hyperref Info: Link nesting OFF on input line 4197.
Package hyperref Info: Hyper index ON on input line 4200.
Package hyperref Info: Plain pages OFF on input line 4207.
Package hyperref Info: Backreferencing OFF on input line 4212.
Package hyperref Info: Implicit mode ON; LaTeX internals redefined.
Package hyperref Info: Bookmarks ON on input line 4445.
\c@Hy@tempcnt=\count196
LaTeX Info: Redefining \url on input line 4804.
\XeTeXLinkMargin=\dimen141

(/Users/hzha400/Library/TinyTeX/texmf-dist/tex/generic/bitset/bitset.sty
Package: bitset 2019/12/09 v1.3 Handle bit-vector datatype (HO)

(/Users/hzha400/Library/TinyTeX/texmf-dist/tex/generic/bigintcalc/bigintcalc.st
y
Package: bigintcalc 2019/12/15 v1.5 Expandable calculations on big integers (HO
)
))
\Fld@menulength=\count197
\Field@Width=\dimen142
\Fld@charsize=\dimen143
Package hyperref Info: Hyper figures OFF on input line 6075.
Package hyperref Info: Link nesting OFF on input line 6080.
Package hyperref Info: Hyper index ON on input line 6083.
Package hyperref Info: backreferencing OFF on input line 6090.
Package hyperref Info: Link coloring OFF on input line 6095.
Package hyperref Info: Link coloring with OCG OFF on input line 6100.
Package hyperref Info: PDF/A mode OFF on input line 6105.
LaTeX Info: Redefining \ref on input line 6145.
LaTeX Info: Redefining \pageref on input line 6149.
 (/Users/hzha400/Library/TinyTeX/texmf-dist/tex/latex/base/atbegshi-ltx.sty
Package: atbegshi-ltx 2020/08/17 v1.0a Emulation of the original atbegshi packa
ge
with kernel methods
)
\Hy@abspage=\count198
\c@Item=\count199
\c@Hfootnote=\count266
)
Package hyperref Info: Driver (autodetected): hpdftex.
 (/Users/hzha400/Library/TinyTeX/texmf-dist/tex/latex/hyperref/hpdftex.def
File: hpdftex.def 2021-02-10 v7.00j Hyperref driver for pdfTeX

(/Users/hzha400/Library/TinyTeX/texmf-dist/tex/latex/base/atveryend-ltx.sty
Package: atveryend-ltx 2020/08/19 v1.0a Emulation of the original atvery packag
e
with kernel methods
)
\Fld@listcount=\count267
\c@bookmark@seq@number=\count268

(/Users/hzha400/Library/TinyTeX/texmf-dist/tex/latex/rerunfilecheck/rerunfilech
eck.sty
Package: rerunfilecheck 2019/12/05 v1.9 Rerun checks for auxiliary files (HO)

(/Users/hzha400/Library/TinyTeX/texmf-dist/tex/generic/uniquecounter/uniquecoun
ter.sty
Package: uniquecounter 2019/12/15 v1.4 Provide unlimited unique counter (HO)
)
Package uniquecounter Info: New unique counter `rerunfilecheck' on input line 2
86.
)
\Hy@SectionHShift=\skip54
)

Package hyperref Warning: Option `hyperindex' has already been used,
(hyperref)                setting the option has no effect on input line 377.

Package hyperref Info: Option `colorlinks' set `true' on input line 377.

Package hyperref Warning: Option `pagebackref' has already been used,
(hyperref)                setting the option has no effect on input line 377.

Package hyperref Info: Option `linktocpage' set `true' on input line 377.
Package hyperref Info: Option `plainpages' set `false' on input line 377.
) (/Users/hzha400/Library/TinyTeX/texmf-dist/tex/latex/base/makeidx.sty
Package: makeidx 2014/09/29 v1.0m Standard LaTeX package
)
(/Users/hzha400/Library/TinyTeX/texmf-dist/tex/latex/base/inputenc.sty
Package: inputenc 2020/08/01 v1.3d Input encoding file
\inpenc@prehook=\toks20
\inpenc@posthook=\toks21
)
\@indexfile=\write3
\openout3 = `Rd2.idx'.


Writing index file Rd2.idx
LaTeX Font Info:    Trying to load font information for T1+ptm on input line 8.

(/Users/hzha400/Library/TinyTeX/texmf-dist/tex/latex/psnfss/t1ptm.fd
File: t1ptm.fd 2001/06/04 font definitions for T1/ptm.
)
(/Users/hzha400/Library/TinyTeX/texmf-dist/tex/latex/l3backend/l3backend-pdftex
.def
File: l3backend-pdftex.def 2021-02-06 L3 backend support: PDF output (pdfTeX)
\l__color_backend_stack_int=\count269
\l__pdf_internal_box=\box51
) (./Rd2.aux)
\openout1 = `Rd2.aux'.

LaTeX Font Info:    Checking defaults for OML/cmm/m/it on input line 8.
LaTeX Font Info:    ... okay on input line 8.
LaTeX Font Info:    Checking defaults for OMS/cmsy/m/n on input line 8.
LaTeX Font Info:    ... okay on input line 8.
LaTeX Font Info:    Checking defaults for OT1/cmr/m/n on input line 8.
LaTeX Font Info:    ... okay on input line 8.
LaTeX Font Info:    Checking defaults for T1/cmr/m/n on input line 8.
LaTeX Font Info:    ... okay on input line 8.
LaTeX Font Info:    Checking defaults for TS1/cmr/m/n on input line 8.
LaTeX Font Info:    ... okay on input line 8.
LaTeX Font Info:    Checking defaults for OMX/cmex/m/n on input line 8.
LaTeX Font Info:    ... okay on input line 8.
LaTeX Font Info:    Checking defaults for U/cmr/m/n on input line 8.
LaTeX Font Info:    ... okay on input line 8.
LaTeX Font Info:    Checking defaults for PD1/pdf/m/n on input line 8.
LaTeX Font Info:    ... okay on input line 8.
LaTeX Font Info:    Checking defaults for PU/pdf/m/n on input line 8.
LaTeX Font Info:    ... okay on input line 8.
Package hyperref Info: Link coloring ON on input line 8.

(/Users/hzha400/Library/TinyTeX/texmf-dist/tex/latex/hyperref/nameref.sty
Package: nameref 2021-04-02 v2.47 Cross-referencing by name of section

(/Users/hzha400/Library/TinyTeX/texmf-dist/tex/latex/refcount/refcount.sty
Package: refcount 2019/12/15 v3.6 Data extraction from label references (HO)
)
(/Users/hzha400/Library/TinyTeX/texmf-dist/tex/generic/gettitlestring/gettitles
tring.sty
Package: gettitlestring 2019/12/15 v1.6 Cleanup title references (HO)
)
\c@section@level=\count270
)
LaTeX Info: Redefining \ref on input line 8.
LaTeX Info: Redefining \pageref on input line 8.
LaTeX Info: Redefining \nameref on input line 8.
 (./Rd2.out) (./Rd2.out)
\@outlinefile=\write4
\openout4 = `Rd2.out'.

LaTeX Font Info:    Trying to load font information for T1+zi4 on input line 26
.

(/Users/hzha400/Library/TinyTeX/texmf-dist/tex/latex/inconsolata/t1zi4.fd
File: t1zi4.fd 2018/01/14 T1/zi4 (Inconsolata)
)
LaTeX Font Info:    Font shape `T1/zi4/m/n' will be
(Font)              scaled to size 10.0pt on input line 26.
LaTeX Font Info:    External font `cmex10' loaded for size
(Font)              <7> on input line 26.
LaTeX Font Info:    External font `cmex10' loaded for size
(Font)              <5> on input line 26.
LaTeX Font Info:    Trying to load font information for T1+phv on input line 42
.

(/Users/hzha400/Library/TinyTeX/texmf-dist/tex/latex/psnfss/t1phv.fd
File: t1phv.fd 2020/03/25 scalable font definitions for T1/phv.
)
(./Rd2.toc [1


{/Users/hzha400/Library/TinyTeX/texmf-var/fonts/map/pdftex/updmap/pdftex.map}])
\tf@toc=\write5
\openout5 = `Rd2.toc'.

 [2]
Overfull \hbox (34.57019pt too wide) in paragraph at lines 76--87
[]\T1/ptm/m/n/10 Other draw func-tions: [][]\T1/zi4/m/n/10 add_anno[][][]()\T1/
ptm/m/n/10 , [][]\T1/zi4/m/n/10 add_dir_search[][][]()\T1/ptm/m/n/10 , [][]\T1/
zi4/m/n/10 add_end[][][]()\T1/ptm/m/n/10 , [][]\T1/zi4/m/n/10 add_interp_last[]
[][]()\T1/ptm/m/n/10 , [][]\T1/zi4/m/n/10 add_interp[][][]()\T1/ptm/m/n/10 ,
 []


Overfull \hbox (44.57019pt too wide) in paragraph at lines 121--132
[]\T1/ptm/m/n/10 Other draw func-tions: [][]\T1/zi4/m/n/10 add_anchor[][][]()\T
1/ptm/m/n/10 , [][]\T1/zi4/m/n/10 add_dir_search[][][]()\T1/ptm/m/n/10 , [][]\T
1/zi4/m/n/10 add_end[][][]()\T1/ptm/m/n/10 , [][]\T1/zi4/m/n/10 add_interp_last
[][][]()\T1/ptm/m/n/10 , [][]\T1/zi4/m/n/10 add_interp[][][]()\T1/ptm/m/n/10 ,
 []

[3]
Overfull \hbox (14.57019pt too wide) in paragraph at lines 166--177
[]\T1/ptm/m/n/10 Other draw func-tions: [][]\T1/zi4/m/n/10 add_anchor[][][]()\T
1/ptm/m/n/10 , [][]\T1/zi4/m/n/10 add_anno[][][]()\T1/ptm/m/n/10 , [][]\T1/zi4/
m/n/10 add_end[][][]()\T1/ptm/m/n/10 , [][]\T1/zi4/m/n/10 add_interp_last[][][]
()\T1/ptm/m/n/10 , [][]\T1/zi4/m/n/10 add_interp[][][]()\T1/ptm/m/n/10 ,
 []

[4]
Overfull \hbox (34.57019pt too wide) in paragraph at lines 265--276
[]\T1/ptm/m/n/10 Other draw func-tions: [][]\T1/zi4/m/n/10 add_anchor[][][]()\T
1/ptm/m/n/10 , [][]\T1/zi4/m/n/10 add_anno[][][]()\T1/ptm/m/n/10 , [][]\T1/zi4/
m/n/10 add_dir_search[][][]()\T1/ptm/m/n/10 , [][]\T1/zi4/m/n/10 add_end[][][](
)\T1/ptm/m/n/10 , [][]\T1/zi4/m/n/10 add_interp_last[][][]()\T1/ptm/m/n/10 ,
 []

[5]
Overfull \hbox (9.57019pt too wide) in paragraph at lines 316--327
[]\T1/ptm/m/n/10 Other draw func-tions: [][]\T1/zi4/m/n/10 add_anchor[][][]()\T
1/ptm/m/n/10 , [][]\T1/zi4/m/n/10 add_anno[][][]()\T1/ptm/m/n/10 , [][]\T1/zi4/
m/n/10 add_dir_search[][][]()\T1/ptm/m/n/10 , [][]\T1/zi4/m/n/10 add_end[][][](
)\T1/ptm/m/n/10 , [][]\T1/zi4/m/n/10 add_interp[][][]()\T1/ptm/m/n/10 ,
 []

[6]
Overfull \hbox (34.57019pt too wide) in paragraph at lines 373--384
[]\T1/ptm/m/n/10 Other draw func-tions: [][]\T1/zi4/m/n/10 add_anchor[][][]()\T
1/ptm/m/n/10 , [][]\T1/zi4/m/n/10 add_anno[][][]()\T1/ptm/m/n/10 , [][]\T1/zi4/
m/n/10 add_dir_search[][][]()\T1/ptm/m/n/10 , [][]\T1/zi4/m/n/10 add_end[][][](
)\T1/ptm/m/n/10 , [][]\T1/zi4/m/n/10 add_interp_last[][][]()\T1/ptm/m/n/10 ,
 []

[7]
Overfull \hbox (34.57019pt too wide) in paragraph at lines 418--429
[]\T1/ptm/m/n/10 Other draw func-tions: [][]\T1/zi4/m/n/10 add_anchor[][][]()\T
1/ptm/m/n/10 , [][]\T1/zi4/m/n/10 add_anno[][][]()\T1/ptm/m/n/10 , [][]\T1/zi4/
m/n/10 add_dir_search[][][]()\T1/ptm/m/n/10 , [][]\T1/zi4/m/n/10 add_end[][][](
)\T1/ptm/m/n/10 , [][]\T1/zi4/m/n/10 add_interp_last[][][]()\T1/ptm/m/n/10 ,
 []


Overfull \hbox (34.57019pt too wide) in paragraph at lines 478--489
[]\T1/ptm/m/n/10 Other draw func-tions: [][]\T1/zi4/m/n/10 add_anchor[][][]()\T
1/ptm/m/n/10 , [][]\T1/zi4/m/n/10 add_anno[][][]()\T1/ptm/m/n/10 , [][]\T1/zi4/
m/n/10 add_dir_search[][][]()\T1/ptm/m/n/10 , [][]\T1/zi4/m/n/10 add_end[][][](
)\T1/ptm/m/n/10 , [][]\T1/zi4/m/n/10 add_interp_last[][][]()\T1/ptm/m/n/10 ,
 []

[8]
LaTeX Font Info:    Font shape `T1/zi4/m/n' will be
(Font)              scaled to size 9.0pt on input line 492.

Overfull \hbox (34.57019pt too wide) in paragraph at lines 534--545
[]\T1/ptm/m/n/10 Other draw func-tions: [][]\T1/zi4/m/n/10 add_anchor[][][]()\T
1/ptm/m/n/10 , [][]\T1/zi4/m/n/10 add_anno[][][]()\T1/ptm/m/n/10 , [][]\T1/zi4/
m/n/10 add_dir_search[][][]()\T1/ptm/m/n/10 , [][]\T1/zi4/m/n/10 add_end[][][](
)\T1/ptm/m/n/10 , [][]\T1/zi4/m/n/10 add_interp_last[][][]()\T1/ptm/m/n/10 ,
 []

[9]
Overfull \hbox (34.57019pt too wide) in paragraph at lines 597--608
[]\T1/ptm/m/n/10 Other draw func-tions: [][]\T1/zi4/m/n/10 add_anchor[][][]()\T
1/ptm/m/n/10 , [][]\T1/zi4/m/n/10 add_anno[][][]()\T1/ptm/m/n/10 , [][]\T1/zi4/
m/n/10 add_dir_search[][][]()\T1/ptm/m/n/10 , [][]\T1/zi4/m/n/10 add_end[][][](
)\T1/ptm/m/n/10 , [][]\T1/zi4/m/n/10 add_interp_last[][][]()\T1/ptm/m/n/10 ,
 []

[10] [11] [12] [13]
LaTeX Font Info:    Trying to load font information for TS1+ptm on input line 8
41.

(/Users/hzha400/Library/TinyTeX/texmf-dist/tex/latex/psnfss/ts1ptm.fd
File: ts1ptm.fd 2001/06/04 font definitions for TS1/ptm.
)
Overfull \hbox (40.64972pt too wide) in paragraph at lines 861--865
[]\T1/ptm/m/n/10 Other main plot func-tions: [][]\T1/zi4/m/n/10 explore_space_t
our[][][]()\T1/ptm/m/n/10 , [][]\T1/zi4/m/n/10 explore_trace_interp[][][]()\T1/
ptm/m/n/10 , [][]\T1/zi4/m/n/10 explore_trace_search[][][]() 
 []

[14] [15]
Overfull \hbox (35.64972pt too wide) in paragraph at lines 949--953
[]\T1/ptm/m/n/10 Other main plot func-tions: [][]\T1/zi4/m/n/10 explore_space_p
ca[][][]()\T1/ptm/m/n/10 , [][]\T1/zi4/m/n/10 explore_trace_interp[][][]()\T1/p
tm/m/n/10 , [][]\T1/zi4/m/n/10 explore_trace_search[][][]() 
 []

[16]
Overfull \hbox (25.64972pt too wide) in paragraph at lines 1012--1016
[]\T1/ptm/m/n/10 Other main plot func-tions: [][]\T1/zi4/m/n/10 explore_space_p
ca[][][]()\T1/ptm/m/n/10 , [][]\T1/zi4/m/n/10 explore_space_tour[][][]()\T1/ptm
/m/n/10 , [][]\T1/zi4/m/n/10 explore_trace_search[][][]() 
 []

[17]
Overfull \hbox (25.64972pt too wide) in paragraph at lines 1067--1071
[]\T1/ptm/m/n/10 Other main plot func-tions: [][]\T1/zi4/m/n/10 explore_space_p
ca[][][]()\T1/ptm/m/n/10 , [][]\T1/zi4/m/n/10 explore_space_tour[][][]()\T1/ptm
/m/n/10 , [][]\T1/zi4/m/n/10 explore_trace_interp[][][]() 
 []

[18]
Overfull \hbox (7.43004pt too wide) in paragraph at lines 1139--1151
[]\T1/ptm/m/n/10 Other get func-tions: [][]\T1/zi4/m/n/10 get_basis_matrix[][][
]()\T1/ptm/m/n/10 , [][]\T1/zi4/m/n/10 get_best[][][]()\T1/ptm/m/n/10 , [][]\T1
/zi4/m/n/10 get_dir_search[][][]()\T1/ptm/m/n/10 , [][]\T1/zi4/m/n/10 get_inter
p_last[][][]()\T1/ptm/m/n/10 ,
 []


Overfull \hbox (41.95006pt too wide) in paragraph at lines 1183--1195
[]\T1/ptm/m/n/10 Other get func-tions: [][]\T1/zi4/m/n/10 get_anchor[][][]()\T1
/ptm/m/n/10 , [][]\T1/zi4/m/n/10 get_best[][][]()\T1/ptm/m/n/10 , [][]\T1/zi4/m
/n/10 get_dir_search[][][]()\T1/ptm/m/n/10 , [][]\T1/zi4/m/n/10 get_interp_last
[][][]()\T1/ptm/m/n/10 , [][]\T1/zi4/m/n/10 get_interp[][][]()\T1/ptm/m/n/10 ,
 []

[19]
Overfull \hbox (17.43004pt too wide) in paragraph at lines 1228--1240
[]\T1/ptm/m/n/10 Other get func-tions: [][]\T1/zi4/m/n/10 get_anchor[][][]()\T1
/ptm/m/n/10 , [][]\T1/zi4/m/n/10 get_basis_matrix[][][]()\T1/ptm/m/n/10 , [][]\
T1/zi4/m/n/10 get_dir_search[][][]()\T1/ptm/m/n/10 , [][]\T1/zi4/m/n/10 get_int
erp_last[][][]()\T1/ptm/m/n/10 ,
 []

[20] [21]
Overfull \hbox (20.36096pt too wide) in paragraph at lines 1323--1335
[][]\T1/zi4/m/n/10 get_interp_last[][][]()\T1/ptm/m/n/10 , [][]\T1/zi4/m/n/10 g
et_interrupt[][][]()\T1/ptm/m/n/10 , [][]\T1/zi4/m/n/10 get_search_count[][][](
)\T1/ptm/m/n/10 , [][]\T1/zi4/m/n/10 get_search[][][]()\T1/ptm/m/n/10 , [][]\T1
/zi4/m/n/10 get_space_param[][][]()\T1/ptm/m/n/10 ,
 []

[22]
Overfull \hbox (5.36096pt too wide) in paragraph at lines 1421--1433
[][]\T1/zi4/m/n/10 get_interp_last[][][]()\T1/ptm/m/n/10 , [][]\T1/zi4/m/n/10 g
et_interp[][][]()\T1/ptm/m/n/10 , [][]\T1/zi4/m/n/10 get_search_count[][][]()\T
1/ptm/m/n/10 , [][]\T1/zi4/m/n/10 get_search[][][]()\T1/ptm/m/n/10 , [][]\T1/zi
4/m/n/10 get_space_param[][][]()\T1/ptm/m/n/10 ,
 []

[23]
Overfull \hbox (20.36096pt too wide) in paragraph at lines 1465--1477
[][]\T1/zi4/m/n/10 get_interp_last[][][]()\T1/ptm/m/n/10 , [][]\T1/zi4/m/n/10 g
et_interp[][][]()\T1/ptm/m/n/10 , [][]\T1/zi4/m/n/10 get_interrupt[][][]()\T1/p
tm/m/n/10 , [][]\T1/zi4/m/n/10 get_search_count[][][]()\T1/ptm/m/n/10 , [][]\T1
/zi4/m/n/10 get_space_param[][][]()\T1/ptm/m/n/10 ,
 []

[24] [25] [26] [27] [28] (./Rd2.ind [29]

LaTeX Font Warning: Font shape `T1/zi4/m/it' undefined
(Font)              using `T1/zi4/m/n' instead on input line 40.

LaTeX Font Info:    Font shape `T1/zi4/m/it' will be
(Font)              scaled to size 10.0pt on input line 42.

Overfull \hbox (20.01662pt too wide) in paragraph at lines 122--124
\T1/ptm/m/it/10 (\T1/zi4/m/it/10 scale_color_continuous_botanical\T1/ptm/m/it/1
0 )\T1/ptm/m/n/10 , 
 []


Overfull \hbox (20.01662pt too wide) in paragraph at lines 124--126
\T1/ptm/m/it/10 (\T1/zi4/m/it/10 scale_color_continuous_botanical\T1/ptm/m/it/1
0 )\T1/ptm/m/n/10 , 
 []


Overfull \hbox (20.01662pt too wide) in paragraph at lines 126--128
\T1/ptm/m/it/10 (\T1/zi4/m/it/10 scale_color_continuous_botanical\T1/ptm/m/it/1
0 )\T1/ptm/m/n/10 , 
 []

[30

]) (./Rd2.aux)

LaTeX Font Warning: Some font shapes were not available, defaults substituted.

Package rerunfilecheck Info: File `Rd2.out' has not changed.
(rerunfilecheck)             Checksum: 923366E3209F08F29C4D57E91F6BA4BF;4729.
 ) 
Here is how much of TeX's memory you used:
 8668 strings out of 481263
 128421 string characters out of 5915212
 415123 words of memory out of 5000000
 25136 multiletter control sequences out of 15000+600000
 440796 words of font info for 63 fonts, out of 8000000 for 9000
 14 hyphenation exceptions out of 8191
 88i,6n,90p,342b,614s stack positions out of 5000i,500n,10000p,200000b,80000s
{/Users/hzha400/Library/TinyTeX/texmf-dist/fonts/enc/dvips/base/8r.enc}{/User
s/hzha400/Library/TinyTeX/texmf-dist/fonts/enc/dvips/inconsolata/i4-t1-0.enc}</
Users/hzha400/Library/TinyTeX/texmf-dist/fonts/type1/public/inconsolata/Inconso
lata-zi4r.pfb></Users/hzha400/Library/TinyTeX/texmf-dist/fonts/type1/public/ams
fonts/cm/cmsy10.pfb></Users/hzha400/Library/TinyTeX/texmf-dist/fonts/type1/urw/
helvetic/uhvr8a.pfb></Users/hzha400/Library/TinyTeX/texmf-dist/fonts/type1/urw/
times/utmb8a.pfb></Users/hzha400/Library/TinyTeX/texmf-dist/fonts/type1/urw/tim
es/utmr8a.pfb></Users/hzha400/Library/TinyTeX/texmf-dist/fonts/type1/urw/times/
utmr8a.pfb></Users/hzha400/Library/TinyTeX/texmf-dist/fonts/type1/urw/times/utm
ri8a.pfb>
Output written on Rd2.pdf (30 pages, 145560 bytes).
PDF statistics:
 1076 PDF objects out of 1200 (max. 8388607)
 1026 compressed objects within 11 object streams
 314 named destinations out of 1000 (max. 500000)
 297 words of extra memory for PDF output out of 10000 (max. 10000000)

