Hmm ... looks like a package

This is pdfTeX, Version 3.14159265-2.6-1.40.21 (TeX Live 2020) (preloaded format=pdflatex)
 restricted \write18 enabled.
entering extended mode
LaTeX2e <2020-10-01> patch level 4
L3 programming layer <2021-02-06> (./Rd2.tex
(/Users/hzha400/Library/TinyTeX/texmf-dist/tex/latex/base/book.cls
Document Class: book 2020/04/10 v1.4m Standard LaTeX document class
(/Users/hzha400/Library/TinyTeX/texmf-dist/tex/latex/base/bk10.clo))
(/Library/Frameworks/R.framework/Resources/share/texmf/tex/latex/Rd.sty
(/Users/hzha400/Library/TinyTeX/texmf-dist/tex/latex/base/ifthen.sty)
(/Users/hzha400/Library/TinyTeX/texmf-dist/tex/latex/tools/longtable.sty)
(/Users/hzha400/Library/TinyTeX/texmf-dist/tex/latex/tools/bm.sty)
(/Users/hzha400/Library/TinyTeX/texmf-dist/tex/latex/base/alltt.sty)
(/Users/hzha400/Library/TinyTeX/texmf-dist/tex/latex/tools/verbatim.sty)
(/Users/hzha400/Library/TinyTeX/texmf-dist/tex/latex/url/url.sty)
(/Users/hzha400/Library/TinyTeX/texmf-dist/tex/latex/base/textcomp.sty)
(/Users/hzha400/Library/TinyTeX/texmf-dist/tex/latex/base/fontenc.sty)
(/Users/hzha400/Library/TinyTeX/texmf-dist/tex/latex/psnfss/times.sty)
(/Users/hzha400/Library/TinyTeX/texmf-dist/tex/latex/inconsolata/zi4.sty
`inconsolata-zi4' v1.12, 2019/05/17 Text macros for Inconsolata (msharpe)
(/Users/hzha400/Library/TinyTeX/texmf-dist/tex/latex/xkeyval/xkeyval.sty
(/Users/hzha400/Library/TinyTeX/texmf-dist/tex/generic/xkeyval/xkeyval.tex
(/Users/hzha400/Library/TinyTeX/texmf-dist/tex/generic/xkeyval/xkvutils.tex
(/Users/hzha400/Library/TinyTeX/texmf-dist/tex/generic/xkeyval/keyval.tex)))))
(/Users/hzha400/Library/TinyTeX/texmf-dist/tex/latex/graphics/color.sty
(/Users/hzha400/Library/TinyTeX/texmf-dist/tex/latex/graphics-cfg/color.cfg)
(/Users/hzha400/Library/TinyTeX/texmf-dist/tex/latex/graphics-def/pdftex.def))
(/Users/hzha400/Library/TinyTeX/texmf-dist/tex/latex/hyperref/hyperref.sty
(/Users/hzha400/Library/TinyTeX/texmf-dist/tex/generic/ltxcmds/ltxcmds.sty)
(/Users/hzha400/Library/TinyTeX/texmf-dist/tex/generic/iftex/iftex.sty)
(/Users/hzha400/Library/TinyTeX/texmf-dist/tex/generic/pdftexcmds/pdftexcmds.st
y
(/Users/hzha400/Library/TinyTeX/texmf-dist/tex/generic/infwarerr/infwarerr.sty)
)
(/Users/hzha400/Library/TinyTeX/texmf-dist/tex/generic/kvsetkeys/kvsetkeys.sty)

(/Users/hzha400/Library/TinyTeX/texmf-dist/tex/generic/kvdefinekeys/kvdefinekey
s.sty)
(/Users/hzha400/Library/TinyTeX/texmf-dist/tex/generic/pdfescape/pdfescape.sty)
 (/Users/hzha400/Library/TinyTeX/texmf-dist/tex/latex/hycolor/hycolor.sty)
(/Users/hzha400/Library/TinyTeX/texmf-dist/tex/latex/letltxmacro/letltxmacro.st
y) (/Users/hzha400/Library/TinyTeX/texmf-dist/tex/latex/auxhook/auxhook.sty)
(/Users/hzha400/Library/TinyTeX/texmf-dist/tex/latex/kvoptions/kvoptions.sty)
(/Users/hzha400/Library/TinyTeX/texmf-dist/tex/latex/hyperref/pd1enc.def)
(/Users/hzha400/Library/TinyTeX/texmf-dist/tex/latex/hyperref/hyperref-langpatc
hes.def)
(/Users/hzha400/Library/TinyTeX/texmf-dist/tex/generic/intcalc/intcalc.sty)
(/Users/hzha400/Library/TinyTeX/texmf-dist/tex/generic/etexcmds/etexcmds.sty)
(/Users/hzha400/Library/TinyTeX/texmf-dist/tex/latex/hyperref/puenc.def)
(/Users/hzha400/Library/TinyTeX/texmf-dist/tex/generic/bitset/bitset.sty
(/Users/hzha400/Library/TinyTeX/texmf-dist/tex/generic/bigintcalc/bigintcalc.st
y)) (/Users/hzha400/Library/TinyTeX/texmf-dist/tex/latex/base/atbegshi-ltx.sty)
) (/Users/hzha400/Library/TinyTeX/texmf-dist/tex/latex/hyperref/hpdftex.def
(/Users/hzha400/Library/TinyTeX/texmf-dist/tex/latex/base/atveryend-ltx.sty)
(/Users/hzha400/Library/TinyTeX/texmf-dist/tex/latex/rerunfilecheck/rerunfilech
eck.sty
(/Users/hzha400/Library/TinyTeX/texmf-dist/tex/generic/uniquecounter/uniquecoun
ter.sty)))

Package hyperref Warning: Option `hyperindex' has already been used,
(hyperref)                setting the option has no effect on input line 377.


Package hyperref Warning: Option `pagebackref' has already been used,
(hyperref)                setting the option has no effect on input line 377.

) (/Users/hzha400/Library/TinyTeX/texmf-dist/tex/latex/base/makeidx.sty)
(/Users/hzha400/Library/TinyTeX/texmf-dist/tex/latex/base/inputenc.sty)
Writing index file Rd2.idx
(/Users/hzha400/Library/TinyTeX/texmf-dist/tex/latex/psnfss/t1ptm.fd)
(/Users/hzha400/Library/TinyTeX/texmf-dist/tex/latex/l3backend/l3backend-pdftex
.def)
No file Rd2.aux.
(/Users/hzha400/Library/TinyTeX/texmf-dist/tex/latex/hyperref/nameref.sty
(/Users/hzha400/Library/TinyTeX/texmf-dist/tex/latex/refcount/refcount.sty)
(/Users/hzha400/Library/TinyTeX/texmf-dist/tex/generic/gettitlestring/gettitles
tring.sty))
(/Users/hzha400/Library/TinyTeX/texmf-dist/tex/latex/inconsolata/t1zi4.fd)
(/Users/hzha400/Library/TinyTeX/texmf-dist/tex/latex/psnfss/t1phv.fd) [1{/Users
/hzha400/Library/TinyTeX/texmf-var/fonts/map/pdftex/updmap/pdftex.map}]
Overfull \hbox (34.57019pt too wide) in paragraph at lines 76--87
[]\T1/ptm/m/n/10 Other draw func-tions: [][]\T1/zi4/m/n/10 add_anno[][][]()\T1/
ptm/m/n/10 , [][]\T1/zi4/m/n/10 add_dir_search[][][]()\T1/ptm/m/n/10 , [][]\T1/
zi4/m/n/10 add_end[][][]()\T1/ptm/m/n/10 , [][]\T1/zi4/m/n/10 add_interp_last[]
[][]()\T1/ptm/m/n/10 , [][]\T1/zi4/m/n/10 add_interp[][][]()\T1/ptm/m/n/10 ,
[2]
Overfull \hbox (44.57019pt too wide) in paragraph at lines 121--132
[]\T1/ptm/m/n/10 Other draw func-tions: [][]\T1/zi4/m/n/10 add_anchor[][][]()\T
1/ptm/m/n/10 , [][]\T1/zi4/m/n/10 add_dir_search[][][]()\T1/ptm/m/n/10 , [][]\T
1/zi4/m/n/10 add_end[][][]()\T1/ptm/m/n/10 , [][]\T1/zi4/m/n/10 add_interp_last
[][][]()\T1/ptm/m/n/10 , [][]\T1/zi4/m/n/10 add_interp[][][]()\T1/ptm/m/n/10 ,

Overfull \hbox (14.57019pt too wide) in paragraph at lines 166--177
[]\T1/ptm/m/n/10 Other draw func-tions: [][]\T1/zi4/m/n/10 add_anchor[][][]()\T
1/ptm/m/n/10 , [][]\T1/zi4/m/n/10 add_anno[][][]()\T1/ptm/m/n/10 , [][]\T1/zi4/
m/n/10 add_end[][][]()\T1/ptm/m/n/10 , [][]\T1/zi4/m/n/10 add_interp_last[][][]
()\T1/ptm/m/n/10 , [][]\T1/zi4/m/n/10 add_interp[][][]()\T1/ptm/m/n/10 ,
[3] [4]
Overfull \hbox (34.57019pt too wide) in paragraph at lines 265--276
[]\T1/ptm/m/n/10 Other draw func-tions: [][]\T1/zi4/m/n/10 add_anchor[][][]()\T
1/ptm/m/n/10 , [][]\T1/zi4/m/n/10 add_anno[][][]()\T1/ptm/m/n/10 , [][]\T1/zi4/
m/n/10 add_dir_search[][][]()\T1/ptm/m/n/10 , [][]\T1/zi4/m/n/10 add_end[][][](
)\T1/ptm/m/n/10 , [][]\T1/zi4/m/n/10 add_interp_last[][][]()\T1/ptm/m/n/10 ,

Overfull \hbox (9.57019pt too wide) in paragraph at lines 316--327
[]\T1/ptm/m/n/10 Other draw func-tions: [][]\T1/zi4/m/n/10 add_anchor[][][]()\T
1/ptm/m/n/10 , [][]\T1/zi4/m/n/10 add_anno[][][]()\T1/ptm/m/n/10 , [][]\T1/zi4/
m/n/10 add_dir_search[][][]()\T1/ptm/m/n/10 , [][]\T1/zi4/m/n/10 add_end[][][](
)\T1/ptm/m/n/10 , [][]\T1/zi4/m/n/10 add_interp[][][]()\T1/ptm/m/n/10 ,
[5]
Overfull \hbox (34.57019pt too wide) in paragraph at lines 373--384
[]\T1/ptm/m/n/10 Other draw func-tions: [][]\T1/zi4/m/n/10 add_anchor[][][]()\T
1/ptm/m/n/10 , [][]\T1/zi4/m/n/10 add_anno[][][]()\T1/ptm/m/n/10 , [][]\T1/zi4/
m/n/10 add_dir_search[][][]()\T1/ptm/m/n/10 , [][]\T1/zi4/m/n/10 add_end[][][](
)\T1/ptm/m/n/10 , [][]\T1/zi4/m/n/10 add_interp_last[][][]()\T1/ptm/m/n/10 ,
[6]
Overfull \hbox (34.57019pt too wide) in paragraph at lines 418--429
[]\T1/ptm/m/n/10 Other draw func-tions: [][]\T1/zi4/m/n/10 add_anchor[][][]()\T
1/ptm/m/n/10 , [][]\T1/zi4/m/n/10 add_anno[][][]()\T1/ptm/m/n/10 , [][]\T1/zi4/
m/n/10 add_dir_search[][][]()\T1/ptm/m/n/10 , [][]\T1/zi4/m/n/10 add_end[][][](
)\T1/ptm/m/n/10 , [][]\T1/zi4/m/n/10 add_interp_last[][][]()\T1/ptm/m/n/10 ,
[7]
Overfull \hbox (34.57019pt too wide) in paragraph at lines 478--489
[]\T1/ptm/m/n/10 Other draw func-tions: [][]\T1/zi4/m/n/10 add_anchor[][][]()\T
1/ptm/m/n/10 , [][]\T1/zi4/m/n/10 add_anno[][][]()\T1/ptm/m/n/10 , [][]\T1/zi4/
m/n/10 add_dir_search[][][]()\T1/ptm/m/n/10 , [][]\T1/zi4/m/n/10 add_end[][][](
)\T1/ptm/m/n/10 , [][]\T1/zi4/m/n/10 add_interp_last[][][]()\T1/ptm/m/n/10 ,

Overfull \hbox (34.57019pt too wide) in paragraph at lines 534--545
[]\T1/ptm/m/n/10 Other draw func-tions: [][]\T1/zi4/m/n/10 add_anchor[][][]()\T
1/ptm/m/n/10 , [][]\T1/zi4/m/n/10 add_anno[][][]()\T1/ptm/m/n/10 , [][]\T1/zi4/
m/n/10 add_dir_search[][][]()\T1/ptm/m/n/10 , [][]\T1/zi4/m/n/10 add_end[][][](
)\T1/ptm/m/n/10 , [][]\T1/zi4/m/n/10 add_interp_last[][][]()\T1/ptm/m/n/10 ,
[8]
Overfull \hbox (34.57019pt too wide) in paragraph at lines 597--608
[]\T1/ptm/m/n/10 Other draw func-tions: [][]\T1/zi4/m/n/10 add_anchor[][][]()\T
1/ptm/m/n/10 , [][]\T1/zi4/m/n/10 add_anno[][][]()\T1/ptm/m/n/10 , [][]\T1/zi4/
m/n/10 add_dir_search[][][]()\T1/ptm/m/n/10 , [][]\T1/zi4/m/n/10 add_end[][][](
)\T1/ptm/m/n/10 , [][]\T1/zi4/m/n/10 add_interp_last[][][]()\T1/ptm/m/n/10 ,
[9] [10] [11] [12]
(/Users/hzha400/Library/TinyTeX/texmf-dist/tex/latex/psnfss/ts1ptm.fd)
Overfull \hbox (40.64972pt too wide) in paragraph at lines 861--865
[]\T1/ptm/m/n/10 Other main plot func-tions: [][]\T1/zi4/m/n/10 explore_space_t
our[][][]()\T1/ptm/m/n/10 , [][]\T1/zi4/m/n/10 explore_trace_interp[][][]()\T1/
ptm/m/n/10 , [][]\T1/zi4/m/n/10 explore_trace_search[][][]() 
[13] [14]
Overfull \hbox (35.64972pt too wide) in paragraph at lines 949--953
[]\T1/ptm/m/n/10 Other main plot func-tions: [][]\T1/zi4/m/n/10 explore_space_p
ca[][][]()\T1/ptm/m/n/10 , [][]\T1/zi4/m/n/10 explore_trace_interp[][][]()\T1/p
tm/m/n/10 , [][]\T1/zi4/m/n/10 explore_trace_search[][][]() 
[15]
Overfull \hbox (25.64972pt too wide) in paragraph at lines 1012--1016
[]\T1/ptm/m/n/10 Other main plot func-tions: [][]\T1/zi4/m/n/10 explore_space_p
ca[][][]()\T1/ptm/m/n/10 , [][]\T1/zi4/m/n/10 explore_space_tour[][][]()\T1/ptm
/m/n/10 , [][]\T1/zi4/m/n/10 explore_trace_search[][][]() 
[16]
Overfull \hbox (25.64972pt too wide) in paragraph at lines 1067--1071
[]\T1/ptm/m/n/10 Other main plot func-tions: [][]\T1/zi4/m/n/10 explore_space_p
ca[][][]()\T1/ptm/m/n/10 , [][]\T1/zi4/m/n/10 explore_space_tour[][][]()\T1/ptm
/m/n/10 , [][]\T1/zi4/m/n/10 explore_trace_interp[][][]() 
[17]
Overfull \hbox (7.43004pt too wide) in paragraph at lines 1139--1151
[]\T1/ptm/m/n/10 Other get func-tions: [][]\T1/zi4/m/n/10 get_basis_matrix[][][
]()\T1/ptm/m/n/10 , [][]\T1/zi4/m/n/10 get_best[][][]()\T1/ptm/m/n/10 , [][]\T1
/zi4/m/n/10 get_dir_search[][][]()\T1/ptm/m/n/10 , [][]\T1/zi4/m/n/10 get_inter
p_last[][][]()\T1/ptm/m/n/10 ,

Overfull \hbox (41.95006pt too wide) in paragraph at lines 1183--1195
[]\T1/ptm/m/n/10 Other get func-tions: [][]\T1/zi4/m/n/10 get_anchor[][][]()\T1
/ptm/m/n/10 , [][]\T1/zi4/m/n/10 get_best[][][]()\T1/ptm/m/n/10 , [][]\T1/zi4/m
/n/10 get_dir_search[][][]()\T1/ptm/m/n/10 , [][]\T1/zi4/m/n/10 get_interp_last
[][][]()\T1/ptm/m/n/10 , [][]\T1/zi4/m/n/10 get_interp[][][]()\T1/ptm/m/n/10 ,
[18]
Overfull \hbox (17.43004pt too wide) in paragraph at lines 1228--1240
[]\T1/ptm/m/n/10 Other get func-tions: [][]\T1/zi4/m/n/10 get_anchor[][][]()\T1
/ptm/m/n/10 , [][]\T1/zi4/m/n/10 get_basis_matrix[][][]()\T1/ptm/m/n/10 , [][]\
T1/zi4/m/n/10 get_dir_search[][][]()\T1/ptm/m/n/10 , [][]\T1/zi4/m/n/10 get_int
erp_last[][][]()\T1/ptm/m/n/10 ,
[19] [20]
Overfull \hbox (20.36096pt too wide) in paragraph at lines 1323--1335
[][]\T1/zi4/m/n/10 get_interp_last[][][]()\T1/ptm/m/n/10 , [][]\T1/zi4/m/n/10 g
et_interrupt[][][]()\T1/ptm/m/n/10 , [][]\T1/zi4/m/n/10 get_search_count[][][](
)\T1/ptm/m/n/10 , [][]\T1/zi4/m/n/10 get_search[][][]()\T1/ptm/m/n/10 , [][]\T1
/zi4/m/n/10 get_space_param[][][]()\T1/ptm/m/n/10 ,
[21]
Overfull \hbox (5.36096pt too wide) in paragraph at lines 1421--1433
[][]\T1/zi4/m/n/10 get_interp_last[][][]()\T1/ptm/m/n/10 , [][]\T1/zi4/m/n/10 g
et_interp[][][]()\T1/ptm/m/n/10 , [][]\T1/zi4/m/n/10 get_search_count[][][]()\T
1/ptm/m/n/10 , [][]\T1/zi4/m/n/10 get_search[][][]()\T1/ptm/m/n/10 , [][]\T1/zi
4/m/n/10 get_space_param[][][]()\T1/ptm/m/n/10 ,
[22]
Overfull \hbox (20.36096pt too wide) in paragraph at lines 1465--1477
[][]\T1/zi4/m/n/10 get_interp_last[][][]()\T1/ptm/m/n/10 , [][]\T1/zi4/m/n/10 g
et_interp[][][]()\T1/ptm/m/n/10 , [][]\T1/zi4/m/n/10 get_interrupt[][][]()\T1/p
tm/m/n/10 , [][]\T1/zi4/m/n/10 get_search_count[][][]()\T1/ptm/m/n/10 , [][]\T1
/zi4/m/n/10 get_space_param[][][]()\T1/ptm/m/n/10 ,
[23] [24] [25] [26] [27]
No file Rd2.ind.
[28] (./Rd2.aux)

Package rerunfilecheck Warning: File `Rd2.out' has changed.
(rerunfilecheck)                Rerun to get outlines right
(rerunfilecheck)                or use package `bookmark'.

 )
(see the transcript file for additional information){/Users/hzha400/Library/Tin
yTeX/texmf-dist/fonts/enc/dvips/base/8r.enc}{/Users/hzha400/Library/TinyTeX/tex
mf-dist/fonts/enc/dvips/inconsolata/i4-t1-0.enc}</Users/hzha400/Library/TinyTeX
/texmf-dist/fonts/type1/public/inconsolata/Inconsolata-zi4r.pfb></Users/hzha400
/Library/TinyTeX/texmf-dist/fonts/type1/urw/helvetic/uhvr8a.pfb></Users/hzha400
/Library/TinyTeX/texmf-dist/fonts/type1/urw/times/utmb8a.pfb></Users/hzha400/Li
brary/TinyTeX/texmf-dist/fonts/type1/urw/times/utmr8a.pfb></Users/hzha400/Libra
ry/TinyTeX/texmf-dist/fonts/type1/urw/times/utmr8a.pfb></Users/hzha400/Library/
TinyTeX/texmf-dist/fonts/type1/urw/times/utmri8a.pfb>
Output written on Rd2.pdf (28 pages, 125490 bytes).
Transcript written on Rd2.log.
This is makeindex, version 2.15 [TeX Live 2020] (kpathsea + Thai support).
Scanning input file Rd2.idx....done (311 entries accepted, 0 rejected).
Sorting entries.....done (2654 comparisons).
Generating output file Rd2.ind....done (133 lines written, 21 warnings).
Output written in Rd2.ind.
Transcript written in Rd2.ilg.
This is pdfTeX, Version 3.14159265-2.6-1.40.21 (TeX Live 2020) (preloaded format=pdflatex)
 restricted \write18 enabled.
entering extended mode
LaTeX2e <2020-10-01> patch level 4
L3 programming layer <2021-02-06> (./Rd2.tex
(/Users/hzha400/Library/TinyTeX/texmf-dist/tex/latex/base/book.cls
Document Class: book 2020/04/10 v1.4m Standard LaTeX document class
(/Users/hzha400/Library/TinyTeX/texmf-dist/tex/latex/base/bk10.clo))
(/Library/Frameworks/R.framework/Resources/share/texmf/tex/latex/Rd.sty
(/Users/hzha400/Library/TinyTeX/texmf-dist/tex/latex/base/ifthen.sty)
(/Users/hzha400/Library/TinyTeX/texmf-dist/tex/latex/tools/longtable.sty)
(/Users/hzha400/Library/TinyTeX/texmf-dist/tex/latex/tools/bm.sty)
(/Users/hzha400/Library/TinyTeX/texmf-dist/tex/latex/base/alltt.sty)
(/Users/hzha400/Library/TinyTeX/texmf-dist/tex/latex/tools/verbatim.sty)
(/Users/hzha400/Library/TinyTeX/texmf-dist/tex/latex/url/url.sty)
(/Users/hzha400/Library/TinyTeX/texmf-dist/tex/latex/base/textcomp.sty)
(/Users/hzha400/Library/TinyTeX/texmf-dist/tex/latex/base/fontenc.sty)
(/Users/hzha400/Library/TinyTeX/texmf-dist/tex/latex/psnfss/times.sty)
(/Users/hzha400/Library/TinyTeX/texmf-dist/tex/latex/inconsolata/zi4.sty
`inconsolata-zi4' v1.12, 2019/05/17 Text macros for Inconsolata (msharpe)
(/Users/hzha400/Library/TinyTeX/texmf-dist/tex/latex/xkeyval/xkeyval.sty
(/Users/hzha400/Library/TinyTeX/texmf-dist/tex/generic/xkeyval/xkeyval.tex
(/Users/hzha400/Library/TinyTeX/texmf-dist/tex/generic/xkeyval/xkvutils.tex
(/Users/hzha400/Library/TinyTeX/texmf-dist/tex/generic/xkeyval/keyval.tex)))))
(/Users/hzha400/Library/TinyTeX/texmf-dist/tex/latex/graphics/color.sty
(/Users/hzha400/Library/TinyTeX/texmf-dist/tex/latex/graphics-cfg/color.cfg)
(/Users/hzha400/Library/TinyTeX/texmf-dist/tex/latex/graphics-def/pdftex.def))
(/Users/hzha400/Library/TinyTeX/texmf-dist/tex/latex/hyperref/hyperref.sty
(/Users/hzha400/Library/TinyTeX/texmf-dist/tex/generic/ltxcmds/ltxcmds.sty)
(/Users/hzha400/Library/TinyTeX/texmf-dist/tex/generic/iftex/iftex.sty)
(/Users/hzha400/Library/TinyTeX/texmf-dist/tex/generic/pdftexcmds/pdftexcmds.st
y
(/Users/hzha400/Library/TinyTeX/texmf-dist/tex/generic/infwarerr/infwarerr.sty)
)
(/Users/hzha400/Library/TinyTeX/texmf-dist/tex/generic/kvsetkeys/kvsetkeys.sty)

(/Users/hzha400/Library/TinyTeX/texmf-dist/tex/generic/kvdefinekeys/kvdefinekey
s.sty)
(/Users/hzha400/Library/TinyTeX/texmf-dist/tex/generic/pdfescape/pdfescape.sty)
 (/Users/hzha400/Library/TinyTeX/texmf-dist/tex/latex/hycolor/hycolor.sty)
(/Users/hzha400/Library/TinyTeX/texmf-dist/tex/latex/letltxmacro/letltxmacro.st
y) (/Users/hzha400/Library/TinyTeX/texmf-dist/tex/latex/auxhook/auxhook.sty)
(/Users/hzha400/Library/TinyTeX/texmf-dist/tex/latex/kvoptions/kvoptions.sty)
(/Users/hzha400/Library/TinyTeX/texmf-dist/tex/latex/hyperref/pd1enc.def)
(/Users/hzha400/Library/TinyTeX/texmf-dist/tex/latex/hyperref/hyperref-langpatc
hes.def)
(/Users/hzha400/Library/TinyTeX/texmf-dist/tex/generic/intcalc/intcalc.sty)
(/Users/hzha400/Library/TinyTeX/texmf-dist/tex/generic/etexcmds/etexcmds.sty)
(/Users/hzha400/Library/TinyTeX/texmf-dist/tex/latex/hyperref/puenc.def)
(/Users/hzha400/Library/TinyTeX/texmf-dist/tex/generic/bitset/bitset.sty
(/Users/hzha400/Library/TinyTeX/texmf-dist/tex/generic/bigintcalc/bigintcalc.st
y)) (/Users/hzha400/Library/TinyTeX/texmf-dist/tex/latex/base/atbegshi-ltx.sty)
) (/Users/hzha400/Library/TinyTeX/texmf-dist/tex/latex/hyperref/hpdftex.def
(/Users/hzha400/Library/TinyTeX/texmf-dist/tex/latex/base/atveryend-ltx.sty)
(/Users/hzha400/Library/TinyTeX/texmf-dist/tex/latex/rerunfilecheck/rerunfilech
eck.sty
(/Users/hzha400/Library/TinyTeX/texmf-dist/tex/generic/uniquecounter/uniquecoun
ter.sty)))

Package hyperref Warning: Option `hyperindex' has already been used,
(hyperref)                setting the option has no effect on input line 377.


Package hyperref Warning: Option `pagebackref' has already been used,
(hyperref)                setting the option has no effect on input line 377.

) (/Users/hzha400/Library/TinyTeX/texmf-dist/tex/latex/base/makeidx.sty)
(/Users/hzha400/Library/TinyTeX/texmf-dist/tex/latex/base/inputenc.sty)
Writing index file Rd2.idx
(/Users/hzha400/Library/TinyTeX/texmf-dist/tex/latex/psnfss/t1ptm.fd)
(/Users/hzha400/Library/TinyTeX/texmf-dist/tex/latex/l3backend/l3backend-pdftex
.def) (./Rd2.aux)
(/Users/hzha400/Library/TinyTeX/texmf-dist/tex/latex/hyperref/nameref.sty
(/Users/hzha400/Library/TinyTeX/texmf-dist/tex/latex/refcount/refcount.sty)
(/Users/hzha400/Library/TinyTeX/texmf-dist/tex/generic/gettitlestring/gettitles
tring.sty)) (./Rd2.out) (./Rd2.out)
(/Users/hzha400/Library/TinyTeX/texmf-dist/tex/latex/inconsolata/t1zi4.fd)
(/Users/hzha400/Library/TinyTeX/texmf-dist/tex/latex/psnfss/t1phv.fd)
(./Rd2.toc [1{/Users/hzha400/Library/TinyTeX/texmf-var/fonts/map/pdftex/updmap/
pdftex.map}]) [2]
Overfull \hbox (34.57019pt too wide) in paragraph at lines 76--87
[]\T1/ptm/m/n/10 Other draw func-tions: [][]\T1/zi4/m/n/10 add_anno[][][]()\T1/
ptm/m/n/10 , [][]\T1/zi4/m/n/10 add_dir_search[][][]()\T1/ptm/m/n/10 , [][]\T1/
zi4/m/n/10 add_end[][][]()\T1/ptm/m/n/10 , [][]\T1/zi4/m/n/10 add_interp_last[]
[][]()\T1/ptm/m/n/10 , [][]\T1/zi4/m/n/10 add_interp[][][]()\T1/ptm/m/n/10 ,

Overfull \hbox (44.57019pt too wide) in paragraph at lines 121--132
[]\T1/ptm/m/n/10 Other draw func-tions: [][]\T1/zi4/m/n/10 add_anchor[][][]()\T
1/ptm/m/n/10 , [][]\T1/zi4/m/n/10 add_dir_search[][][]()\T1/ptm/m/n/10 , [][]\T
1/zi4/m/n/10 add_end[][][]()\T1/ptm/m/n/10 , [][]\T1/zi4/m/n/10 add_interp_last
[][][]()\T1/ptm/m/n/10 , [][]\T1/zi4/m/n/10 add_interp[][][]()\T1/ptm/m/n/10 ,
[3]
Overfull \hbox (14.57019pt too wide) in paragraph at lines 166--177
[]\T1/ptm/m/n/10 Other draw func-tions: [][]\T1/zi4/m/n/10 add_anchor[][][]()\T
1/ptm/m/n/10 , [][]\T1/zi4/m/n/10 add_anno[][][]()\T1/ptm/m/n/10 , [][]\T1/zi4/
m/n/10 add_end[][][]()\T1/ptm/m/n/10 , [][]\T1/zi4/m/n/10 add_interp_last[][][]
()\T1/ptm/m/n/10 , [][]\T1/zi4/m/n/10 add_interp[][][]()\T1/ptm/m/n/10 ,
[4]
Overfull \hbox (34.57019pt too wide) in paragraph at lines 265--276
[]\T1/ptm/m/n/10 Other draw func-tions: [][]\T1/zi4/m/n/10 add_anchor[][][]()\T
1/ptm/m/n/10 , [][]\T1/zi4/m/n/10 add_anno[][][]()\T1/ptm/m/n/10 , [][]\T1/zi4/
m/n/10 add_dir_search[][][]()\T1/ptm/m/n/10 , [][]\T1/zi4/m/n/10 add_end[][][](
)\T1/ptm/m/n/10 , [][]\T1/zi4/m/n/10 add_interp_last[][][]()\T1/ptm/m/n/10 ,
[5]
Overfull \hbox (9.57019pt too wide) in paragraph at lines 316--327
[]\T1/ptm/m/n/10 Other draw func-tions: [][]\T1/zi4/m/n/10 add_anchor[][][]()\T
1/ptm/m/n/10 , [][]\T1/zi4/m/n/10 add_anno[][][]()\T1/ptm/m/n/10 , [][]\T1/zi4/
m/n/10 add_dir_search[][][]()\T1/ptm/m/n/10 , [][]\T1/zi4/m/n/10 add_end[][][](
)\T1/ptm/m/n/10 , [][]\T1/zi4/m/n/10 add_interp[][][]()\T1/ptm/m/n/10 ,
[6]
Overfull \hbox (34.57019pt too wide) in paragraph at lines 373--384
[]\T1/ptm/m/n/10 Other draw func-tions: [][]\T1/zi4/m/n/10 add_anchor[][][]()\T
1/ptm/m/n/10 , [][]\T1/zi4/m/n/10 add_anno[][][]()\T1/ptm/m/n/10 , [][]\T1/zi4/
m/n/10 add_dir_search[][][]()\T1/ptm/m/n/10 , [][]\T1/zi4/m/n/10 add_end[][][](
)\T1/ptm/m/n/10 , [][]\T1/zi4/m/n/10 add_interp_last[][][]()\T1/ptm/m/n/10 ,
[7]
Overfull \hbox (34.57019pt too wide) in paragraph at lines 418--429
[]\T1/ptm/m/n/10 Other draw func-tions: [][]\T1/zi4/m/n/10 add_anchor[][][]()\T
1/ptm/m/n/10 , [][]\T1/zi4/m/n/10 add_anno[][][]()\T1/ptm/m/n/10 , [][]\T1/zi4/
m/n/10 add_dir_search[][][]()\T1/ptm/m/n/10 , [][]\T1/zi4/m/n/10 add_end[][][](
)\T1/ptm/m/n/10 , [][]\T1/zi4/m/n/10 add_interp_last[][][]()\T1/ptm/m/n/10 ,

Overfull \hbox (34.57019pt too wide) in paragraph at lines 478--489
[]\T1/ptm/m/n/10 Other draw func-tions: [][]\T1/zi4/m/n/10 add_anchor[][][]()\T
1/ptm/m/n/10 , [][]\T1/zi4/m/n/10 add_anno[][][]()\T1/ptm/m/n/10 , [][]\T1/zi4/
m/n/10 add_dir_search[][][]()\T1/ptm/m/n/10 , [][]\T1/zi4/m/n/10 add_end[][][](
)\T1/ptm/m/n/10 , [][]\T1/zi4/m/n/10 add_interp_last[][][]()\T1/ptm/m/n/10 ,
[8]
Overfull \hbox (34.57019pt too wide) in paragraph at lines 534--545
[]\T1/ptm/m/n/10 Other draw func-tions: [][]\T1/zi4/m/n/10 add_anchor[][][]()\T
1/ptm/m/n/10 , [][]\T1/zi4/m/n/10 add_anno[][][]()\T1/ptm/m/n/10 , [][]\T1/zi4/
m/n/10 add_dir_search[][][]()\T1/ptm/m/n/10 , [][]\T1/zi4/m/n/10 add_end[][][](
)\T1/ptm/m/n/10 , [][]\T1/zi4/m/n/10 add_interp_last[][][]()\T1/ptm/m/n/10 ,
[9]
Overfull \hbox (34.57019pt too wide) in paragraph at lines 597--608
[]\T1/ptm/m/n/10 Other draw func-tions: [][]\T1/zi4/m/n/10 add_anchor[][][]()\T
1/ptm/m/n/10 , [][]\T1/zi4/m/n/10 add_anno[][][]()\T1/ptm/m/n/10 , [][]\T1/zi4/
m/n/10 add_dir_search[][][]()\T1/ptm/m/n/10 , [][]\T1/zi4/m/n/10 add_end[][][](
)\T1/ptm/m/n/10 , [][]\T1/zi4/m/n/10 add_interp_last[][][]()\T1/ptm/m/n/10 ,
[10] [11] [12] [13]
(/Users/hzha400/Library/TinyTeX/texmf-dist/tex/latex/psnfss/ts1ptm.fd)
Overfull \hbox (40.64972pt too wide) in paragraph at lines 861--865
[]\T1/ptm/m/n/10 Other main plot func-tions: [][]\T1/zi4/m/n/10 explore_space_t
our[][][]()\T1/ptm/m/n/10 , [][]\T1/zi4/m/n/10 explore_trace_interp[][][]()\T1/
ptm/m/n/10 , [][]\T1/zi4/m/n/10 explore_trace_search[][][]() 
[14] [15]
Overfull \hbox (35.64972pt too wide) in paragraph at lines 949--953
[]\T1/ptm/m/n/10 Other main plot func-tions: [][]\T1/zi4/m/n/10 explore_space_p
ca[][][]()\T1/ptm/m/n/10 , [][]\T1/zi4/m/n/10 explore_trace_interp[][][]()\T1/p
tm/m/n/10 , [][]\T1/zi4/m/n/10 explore_trace_search[][][]() 
[16]
Overfull \hbox (25.64972pt too wide) in paragraph at lines 1012--1016
[]\T1/ptm/m/n/10 Other main plot func-tions: [][]\T1/zi4/m/n/10 explore_space_p
ca[][][]()\T1/ptm/m/n/10 , [][]\T1/zi4/m/n/10 explore_space_tour[][][]()\T1/ptm
/m/n/10 , [][]\T1/zi4/m/n/10 explore_trace_search[][][]() 
[17]
Overfull \hbox (25.64972pt too wide) in paragraph at lines 1067--1071
[]\T1/ptm/m/n/10 Other main plot func-tions: [][]\T1/zi4/m/n/10 explore_space_p
ca[][][]()\T1/ptm/m/n/10 , [][]\T1/zi4/m/n/10 explore_space_tour[][][]()\T1/ptm
/m/n/10 , [][]\T1/zi4/m/n/10 explore_trace_interp[][][]() 
[18]
Overfull \hbox (7.43004pt too wide) in paragraph at lines 1139--1151
[]\T1/ptm/m/n/10 Other get func-tions: [][]\T1/zi4/m/n/10 get_basis_matrix[][][
]()\T1/ptm/m/n/10 , [][]\T1/zi4/m/n/10 get_best[][][]()\T1/ptm/m/n/10 , [][]\T1
/zi4/m/n/10 get_dir_search[][][]()\T1/ptm/m/n/10 , [][]\T1/zi4/m/n/10 get_inter
p_last[][][]()\T1/ptm/m/n/10 ,

Overfull \hbox (41.95006pt too wide) in paragraph at lines 1183--1195
[]\T1/ptm/m/n/10 Other get func-tions: [][]\T1/zi4/m/n/10 get_anchor[][][]()\T1
/ptm/m/n/10 , [][]\T1/zi4/m/n/10 get_best[][][]()\T1/ptm/m/n/10 , [][]\T1/zi4/m
/n/10 get_dir_search[][][]()\T1/ptm/m/n/10 , [][]\T1/zi4/m/n/10 get_interp_last
[][][]()\T1/ptm/m/n/10 , [][]\T1/zi4/m/n/10 get_interp[][][]()\T1/ptm/m/n/10 ,
[19]
Overfull \hbox (17.43004pt too wide) in paragraph at lines 1228--1240
[]\T1/ptm/m/n/10 Other get func-tions: [][]\T1/zi4/m/n/10 get_anchor[][][]()\T1
/ptm/m/n/10 , [][]\T1/zi4/m/n/10 get_basis_matrix[][][]()\T1/ptm/m/n/10 , [][]\
T1/zi4/m/n/10 get_dir_search[][][]()\T1/ptm/m/n/10 , [][]\T1/zi4/m/n/10 get_int
erp_last[][][]()\T1/ptm/m/n/10 ,
[20] [21]
Overfull \hbox (20.36096pt too wide) in paragraph at lines 1323--1335
[][]\T1/zi4/m/n/10 get_interp_last[][][]()\T1/ptm/m/n/10 , [][]\T1/zi4/m/n/10 g
et_interrupt[][][]()\T1/ptm/m/n/10 , [][]\T1/zi4/m/n/10 get_search_count[][][](
)\T1/ptm/m/n/10 , [][]\T1/zi4/m/n/10 get_search[][][]()\T1/ptm/m/n/10 , [][]\T1
/zi4/m/n/10 get_space_param[][][]()\T1/ptm/m/n/10 ,
[22]
Overfull \hbox (5.36096pt too wide) in paragraph at lines 1421--1433
[][]\T1/zi4/m/n/10 get_interp_last[][][]()\T1/ptm/m/n/10 , [][]\T1/zi4/m/n/10 g
et_interp[][][]()\T1/ptm/m/n/10 , [][]\T1/zi4/m/n/10 get_search_count[][][]()\T
1/ptm/m/n/10 , [][]\T1/zi4/m/n/10 get_search[][][]()\T1/ptm/m/n/10 , [][]\T1/zi
4/m/n/10 get_space_param[][][]()\T1/ptm/m/n/10 ,
[23]
Overfull \hbox (20.36096pt too wide) in paragraph at lines 1465--1477
[][]\T1/zi4/m/n/10 get_interp_last[][][]()\T1/ptm/m/n/10 , [][]\T1/zi4/m/n/10 g
et_interp[][][]()\T1/ptm/m/n/10 , [][]\T1/zi4/m/n/10 get_interrupt[][][]()\T1/p
tm/m/n/10 , [][]\T1/zi4/m/n/10 get_search_count[][][]()\T1/ptm/m/n/10 , [][]\T1
/zi4/m/n/10 get_space_param[][][]()\T1/ptm/m/n/10 ,
[24] [25] [26] [27] [28] (./Rd2.ind [29]

LaTeX Font Warning: Font shape `T1/zi4/m/it' undefined
(Font)              using `T1/zi4/m/n' instead on input line 40.


Overfull \hbox (20.01662pt too wide) in paragraph at lines 122--124
\T1/ptm/m/it/10 (\T1/zi4/m/it/10 scale_color_continuous_botanical\T1/ptm/m/it/1
0 )\T1/ptm/m/n/10 , 

Overfull \hbox (20.01662pt too wide) in paragraph at lines 124--126
\T1/ptm/m/it/10 (\T1/zi4/m/it/10 scale_color_continuous_botanical\T1/ptm/m/it/1
0 )\T1/ptm/m/n/10 , 

Overfull \hbox (20.01662pt too wide) in paragraph at lines 126--128
\T1/ptm/m/it/10 (\T1/zi4/m/it/10 scale_color_continuous_botanical\T1/ptm/m/it/1
0 )\T1/ptm/m/n/10 , 
[30]) (./Rd2.aux)

LaTeX Font Warning: Some font shapes were not available, defaults substituted.


Package rerunfilecheck Warning: File `Rd2.out' has changed.
(rerunfilecheck)                Rerun to get outlines right
(rerunfilecheck)                or use package `bookmark'.

 )
(see the transcript file for additional information){/Users/hzha400/Library/Tin
yTeX/texmf-dist/fonts/enc/dvips/base/8r.enc}{/Users/hzha400/Library/TinyTeX/tex
mf-dist/fonts/enc/dvips/inconsolata/i4-t1-0.enc}</Users/hzha400/Library/TinyTeX
/texmf-dist/fonts/type1/public/inconsolata/Inconsolata-zi4r.pfb></Users/hzha400
/Library/TinyTeX/texmf-dist/fonts/type1/public/amsfonts/cm/cmsy10.pfb></Users/h
zha400/Library/TinyTeX/texmf-dist/fonts/type1/urw/helvetic/uhvr8a.pfb></Users/h
zha400/Library/TinyTeX/texmf-dist/fonts/type1/urw/times/utmb8a.pfb></Users/hzha
400/Library/TinyTeX/texmf-dist/fonts/type1/urw/times/utmr8a.pfb></Users/hzha400
/Library/TinyTeX/texmf-dist/fonts/type1/urw/times/utmr8a.pfb></Users/hzha400/Li
brary/TinyTeX/texmf-dist/fonts/type1/urw/times/utmri8a.pfb>
Output written on Rd2.pdf (30 pages, 144962 bytes).
Transcript written on Rd2.log.
This is makeindex, version 2.15 [TeX Live 2020] (kpathsea + Thai support).
Scanning input file Rd2.idx....done (311 entries accepted, 0 rejected).
Sorting entries.....done (2654 comparisons).
Generating output file Rd2.ind....done (133 lines written, 20 warnings).
Output written in Rd2.ind.
Transcript written in Rd2.ilg.
This is pdfTeX, Version 3.14159265-2.6-1.40.21 (TeX Live 2020) (preloaded format=pdflatex)
 restricted \write18 enabled.
entering extended mode
LaTeX2e <2020-10-01> patch level 4
L3 programming layer <2021-02-06> (./Rd2.tex
(/Users/hzha400/Library/TinyTeX/texmf-dist/tex/latex/base/book.cls
Document Class: book 2020/04/10 v1.4m Standard LaTeX document class
(/Users/hzha400/Library/TinyTeX/texmf-dist/tex/latex/base/bk10.clo))
(/Library/Frameworks/R.framework/Resources/share/texmf/tex/latex/Rd.sty
(/Users/hzha400/Library/TinyTeX/texmf-dist/tex/latex/base/ifthen.sty)
(/Users/hzha400/Library/TinyTeX/texmf-dist/tex/latex/tools/longtable.sty)
(/Users/hzha400/Library/TinyTeX/texmf-dist/tex/latex/tools/bm.sty)
(/Users/hzha400/Library/TinyTeX/texmf-dist/tex/latex/base/alltt.sty)
(/Users/hzha400/Library/TinyTeX/texmf-dist/tex/latex/tools/verbatim.sty)
(/Users/hzha400/Library/TinyTeX/texmf-dist/tex/latex/url/url.sty)
(/Users/hzha400/Library/TinyTeX/texmf-dist/tex/latex/base/textcomp.sty)
(/Users/hzha400/Library/TinyTeX/texmf-dist/tex/latex/base/fontenc.sty)
(/Users/hzha400/Library/TinyTeX/texmf-dist/tex/latex/psnfss/times.sty)
(/Users/hzha400/Library/TinyTeX/texmf-dist/tex/latex/inconsolata/zi4.sty
`inconsolata-zi4' v1.12, 2019/05/17 Text macros for Inconsolata (msharpe)
(/Users/hzha400/Library/TinyTeX/texmf-dist/tex/latex/xkeyval/xkeyval.sty
(/Users/hzha400/Library/TinyTeX/texmf-dist/tex/generic/xkeyval/xkeyval.tex
(/Users/hzha400/Library/TinyTeX/texmf-dist/tex/generic/xkeyval/xkvutils.tex
(/Users/hzha400/Library/TinyTeX/texmf-dist/tex/generic/xkeyval/keyval.tex)))))
(/Users/hzha400/Library/TinyTeX/texmf-dist/tex/latex/graphics/color.sty
(/Users/hzha400/Library/TinyTeX/texmf-dist/tex/latex/graphics-cfg/color.cfg)
(/Users/hzha400/Library/TinyTeX/texmf-dist/tex/latex/graphics-def/pdftex.def))
(/Users/hzha400/Library/TinyTeX/texmf-dist/tex/latex/hyperref/hyperref.sty
(/Users/hzha400/Library/TinyTeX/texmf-dist/tex/generic/ltxcmds/ltxcmds.sty)
(/Users/hzha400/Library/TinyTeX/texmf-dist/tex/generic/iftex/iftex.sty)
(/Users/hzha400/Library/TinyTeX/texmf-dist/tex/generic/pdftexcmds/pdftexcmds.st
y
(/Users/hzha400/Library/TinyTeX/texmf-dist/tex/generic/infwarerr/infwarerr.sty)
)
(/Users/hzha400/Library/TinyTeX/texmf-dist/tex/generic/kvsetkeys/kvsetkeys.sty)

(/Users/hzha400/Library/TinyTeX/texmf-dist/tex/generic/kvdefinekeys/kvdefinekey
s.sty)
(/Users/hzha400/Library/TinyTeX/texmf-dist/tex/generic/pdfescape/pdfescape.sty)
 (/Users/hzha400/Library/TinyTeX/texmf-dist/tex/latex/hycolor/hycolor.sty)
(/Users/hzha400/Library/TinyTeX/texmf-dist/tex/latex/letltxmacro/letltxmacro.st
y) (/Users/hzha400/Library/TinyTeX/texmf-dist/tex/latex/auxhook/auxhook.sty)
(/Users/hzha400/Library/TinyTeX/texmf-dist/tex/latex/kvoptions/kvoptions.sty)
(/Users/hzha400/Library/TinyTeX/texmf-dist/tex/latex/hyperref/pd1enc.def)
(/Users/hzha400/Library/TinyTeX/texmf-dist/tex/latex/hyperref/hyperref-langpatc
hes.def)
(/Users/hzha400/Library/TinyTeX/texmf-dist/tex/generic/intcalc/intcalc.sty)
(/Users/hzha400/Library/TinyTeX/texmf-dist/tex/generic/etexcmds/etexcmds.sty)
(/Users/hzha400/Library/TinyTeX/texmf-dist/tex/latex/hyperref/puenc.def)
(/Users/hzha400/Library/TinyTeX/texmf-dist/tex/generic/bitset/bitset.sty
(/Users/hzha400/Library/TinyTeX/texmf-dist/tex/generic/bigintcalc/bigintcalc.st
y)) (/Users/hzha400/Library/TinyTeX/texmf-dist/tex/latex/base/atbegshi-ltx.sty)
) (/Users/hzha400/Library/TinyTeX/texmf-dist/tex/latex/hyperref/hpdftex.def
(/Users/hzha400/Library/TinyTeX/texmf-dist/tex/latex/base/atveryend-ltx.sty)
(/Users/hzha400/Library/TinyTeX/texmf-dist/tex/latex/rerunfilecheck/rerunfilech
eck.sty
(/Users/hzha400/Library/TinyTeX/texmf-dist/tex/generic/uniquecounter/uniquecoun
ter.sty)))

Package hyperref Warning: Option `hyperindex' has already been used,
(hyperref)                setting the option has no effect on input line 377.


Package hyperref Warning: Option `pagebackref' has already been used,
(hyperref)                setting the option has no effect on input line 377.

) (/Users/hzha400/Library/TinyTeX/texmf-dist/tex/latex/base/makeidx.sty)
(/Users/hzha400/Library/TinyTeX/texmf-dist/tex/latex/base/inputenc.sty)
Writing index file Rd2.idx
(/Users/hzha400/Library/TinyTeX/texmf-dist/tex/latex/psnfss/t1ptm.fd)
(/Users/hzha400/Library/TinyTeX/texmf-dist/tex/latex/l3backend/l3backend-pdftex
.def) (./Rd2.aux)
(/Users/hzha400/Library/TinyTeX/texmf-dist/tex/latex/hyperref/nameref.sty
(/Users/hzha400/Library/TinyTeX/texmf-dist/tex/latex/refcount/refcount.sty)
(/Users/hzha400/Library/TinyTeX/texmf-dist/tex/generic/gettitlestring/gettitles
tring.sty)) (./Rd2.out) (./Rd2.out)
(/Users/hzha400/Library/TinyTeX/texmf-dist/tex/latex/inconsolata/t1zi4.fd)
(/Users/hzha400/Library/TinyTeX/texmf-dist/tex/latex/psnfss/t1phv.fd)
(./Rd2.toc [1{/Users/hzha400/Library/TinyTeX/texmf-var/fonts/map/pdftex/updmap/
pdftex.map}]) [2]
Overfull \hbox (34.57019pt too wide) in paragraph at lines 76--87
[]\T1/ptm/m/n/10 Other draw func-tions: [][]\T1/zi4/m/n/10 add_anno[][][]()\T1/
ptm/m/n/10 , [][]\T1/zi4/m/n/10 add_dir_search[][][]()\T1/ptm/m/n/10 , [][]\T1/
zi4/m/n/10 add_end[][][]()\T1/ptm/m/n/10 , [][]\T1/zi4/m/n/10 add_interp_last[]
[][]()\T1/ptm/m/n/10 , [][]\T1/zi4/m/n/10 add_interp[][][]()\T1/ptm/m/n/10 ,

Overfull \hbox (44.57019pt too wide) in paragraph at lines 121--132
[]\T1/ptm/m/n/10 Other draw func-tions: [][]\T1/zi4/m/n/10 add_anchor[][][]()\T
1/ptm/m/n/10 , [][]\T1/zi4/m/n/10 add_dir_search[][][]()\T1/ptm/m/n/10 , [][]\T
1/zi4/m/n/10 add_end[][][]()\T1/ptm/m/n/10 , [][]\T1/zi4/m/n/10 add_interp_last
[][][]()\T1/ptm/m/n/10 , [][]\T1/zi4/m/n/10 add_interp[][][]()\T1/ptm/m/n/10 ,
[3]
Overfull \hbox (14.57019pt too wide) in paragraph at lines 166--177
[]\T1/ptm/m/n/10 Other draw func-tions: [][]\T1/zi4/m/n/10 add_anchor[][][]()\T
1/ptm/m/n/10 , [][]\T1/zi4/m/n/10 add_anno[][][]()\T1/ptm/m/n/10 , [][]\T1/zi4/
m/n/10 add_end[][][]()\T1/ptm/m/n/10 , [][]\T1/zi4/m/n/10 add_interp_last[][][]
()\T1/ptm/m/n/10 , [][]\T1/zi4/m/n/10 add_interp[][][]()\T1/ptm/m/n/10 ,
[4]
Overfull \hbox (34.57019pt too wide) in paragraph at lines 265--276
[]\T1/ptm/m/n/10 Other draw func-tions: [][]\T1/zi4/m/n/10 add_anchor[][][]()\T
1/ptm/m/n/10 , [][]\T1/zi4/m/n/10 add_anno[][][]()\T1/ptm/m/n/10 , [][]\T1/zi4/
m/n/10 add_dir_search[][][]()\T1/ptm/m/n/10 , [][]\T1/zi4/m/n/10 add_end[][][](
)\T1/ptm/m/n/10 , [][]\T1/zi4/m/n/10 add_interp_last[][][]()\T1/ptm/m/n/10 ,
[5]
Overfull \hbox (9.57019pt too wide) in paragraph at lines 316--327
[]\T1/ptm/m/n/10 Other draw func-tions: [][]\T1/zi4/m/n/10 add_anchor[][][]()\T
1/ptm/m/n/10 , [][]\T1/zi4/m/n/10 add_anno[][][]()\T1/ptm/m/n/10 , [][]\T1/zi4/
m/n/10 add_dir_search[][][]()\T1/ptm/m/n/10 , [][]\T1/zi4/m/n/10 add_end[][][](
)\T1/ptm/m/n/10 , [][]\T1/zi4/m/n/10 add_interp[][][]()\T1/ptm/m/n/10 ,
[6]
Overfull \hbox (34.57019pt too wide) in paragraph at lines 373--384
[]\T1/ptm/m/n/10 Other draw func-tions: [][]\T1/zi4/m/n/10 add_anchor[][][]()\T
1/ptm/m/n/10 , [][]\T1/zi4/m/n/10 add_anno[][][]()\T1/ptm/m/n/10 , [][]\T1/zi4/
m/n/10 add_dir_search[][][]()\T1/ptm/m/n/10 , [][]\T1/zi4/m/n/10 add_end[][][](
)\T1/ptm/m/n/10 , [][]\T1/zi4/m/n/10 add_interp_last[][][]()\T1/ptm/m/n/10 ,
[7]
Overfull \hbox (34.57019pt too wide) in paragraph at lines 418--429
[]\T1/ptm/m/n/10 Other draw func-tions: [][]\T1/zi4/m/n/10 add_anchor[][][]()\T
1/ptm/m/n/10 , [][]\T1/zi4/m/n/10 add_anno[][][]()\T1/ptm/m/n/10 , [][]\T1/zi4/
m/n/10 add_dir_search[][][]()\T1/ptm/m/n/10 , [][]\T1/zi4/m/n/10 add_end[][][](
)\T1/ptm/m/n/10 , [][]\T1/zi4/m/n/10 add_interp_last[][][]()\T1/ptm/m/n/10 ,

Overfull \hbox (34.57019pt too wide) in paragraph at lines 478--489
[]\T1/ptm/m/n/10 Other draw func-tions: [][]\T1/zi4/m/n/10 add_anchor[][][]()\T
1/ptm/m/n/10 , [][]\T1/zi4/m/n/10 add_anno[][][]()\T1/ptm/m/n/10 , [][]\T1/zi4/
m/n/10 add_dir_search[][][]()\T1/ptm/m/n/10 , [][]\T1/zi4/m/n/10 add_end[][][](
)\T1/ptm/m/n/10 , [][]\T1/zi4/m/n/10 add_interp_last[][][]()\T1/ptm/m/n/10 ,
[8]
Overfull \hbox (34.57019pt too wide) in paragraph at lines 534--545
[]\T1/ptm/m/n/10 Other draw func-tions: [][]\T1/zi4/m/n/10 add_anchor[][][]()\T
1/ptm/m/n/10 , [][]\T1/zi4/m/n/10 add_anno[][][]()\T1/ptm/m/n/10 , [][]\T1/zi4/
m/n/10 add_dir_search[][][]()\T1/ptm/m/n/10 , [][]\T1/zi4/m/n/10 add_end[][][](
)\T1/ptm/m/n/10 , [][]\T1/zi4/m/n/10 add_interp_last[][][]()\T1/ptm/m/n/10 ,
[9]
Overfull \hbox (34.57019pt too wide) in paragraph at lines 597--608
[]\T1/ptm/m/n/10 Other draw func-tions: [][]\T1/zi4/m/n/10 add_anchor[][][]()\T
1/ptm/m/n/10 , [][]\T1/zi4/m/n/10 add_anno[][][]()\T1/ptm/m/n/10 , [][]\T1/zi4/
m/n/10 add_dir_search[][][]()\T1/ptm/m/n/10 , [][]\T1/zi4/m/n/10 add_end[][][](
)\T1/ptm/m/n/10 , [][]\T1/zi4/m/n/10 add_interp_last[][][]()\T1/ptm/m/n/10 ,
[10] [11] [12] [13]
(/Users/hzha400/Library/TinyTeX/texmf-dist/tex/latex/psnfss/ts1ptm.fd)
Overfull \hbox (40.64972pt too wide) in paragraph at lines 861--865
[]\T1/ptm/m/n/10 Other main plot func-tions: [][]\T1/zi4/m/n/10 explore_space_t
our[][][]()\T1/ptm/m/n/10 , [][]\T1/zi4/m/n/10 explore_trace_interp[][][]()\T1/
ptm/m/n/10 , [][]\T1/zi4/m/n/10 explore_trace_search[][][]() 
[14] [15]
Overfull \hbox (35.64972pt too wide) in paragraph at lines 949--953
[]\T1/ptm/m/n/10 Other main plot func-tions: [][]\T1/zi4/m/n/10 explore_space_p
ca[][][]()\T1/ptm/m/n/10 , [][]\T1/zi4/m/n/10 explore_trace_interp[][][]()\T1/p
tm/m/n/10 , [][]\T1/zi4/m/n/10 explore_trace_search[][][]() 
[16]
Overfull \hbox (25.64972pt too wide) in paragraph at lines 1012--1016
[]\T1/ptm/m/n/10 Other main plot func-tions: [][]\T1/zi4/m/n/10 explore_space_p
ca[][][]()\T1/ptm/m/n/10 , [][]\T1/zi4/m/n/10 explore_space_tour[][][]()\T1/ptm
/m/n/10 , [][]\T1/zi4/m/n/10 explore_trace_search[][][]() 
[17]
Overfull \hbox (25.64972pt too wide) in paragraph at lines 1067--1071
[]\T1/ptm/m/n/10 Other main plot func-tions: [][]\T1/zi4/m/n/10 explore_space_p
ca[][][]()\T1/ptm/m/n/10 , [][]\T1/zi4/m/n/10 explore_space_tour[][][]()\T1/ptm
/m/n/10 , [][]\T1/zi4/m/n/10 explore_trace_interp[][][]() 
[18]
Overfull \hbox (7.43004pt too wide) in paragraph at lines 1139--1151
[]\T1/ptm/m/n/10 Other get func-tions: [][]\T1/zi4/m/n/10 get_basis_matrix[][][
]()\T1/ptm/m/n/10 , [][]\T1/zi4/m/n/10 get_best[][][]()\T1/ptm/m/n/10 , [][]\T1
/zi4/m/n/10 get_dir_search[][][]()\T1/ptm/m/n/10 , [][]\T1/zi4/m/n/10 get_inter
p_last[][][]()\T1/ptm/m/n/10 ,

Overfull \hbox (41.95006pt too wide) in paragraph at lines 1183--1195
[]\T1/ptm/m/n/10 Other get func-tions: [][]\T1/zi4/m/n/10 get_anchor[][][]()\T1
/ptm/m/n/10 , [][]\T1/zi4/m/n/10 get_best[][][]()\T1/ptm/m/n/10 , [][]\T1/zi4/m
/n/10 get_dir_search[][][]()\T1/ptm/m/n/10 , [][]\T1/zi4/m/n/10 get_interp_last
[][][]()\T1/ptm/m/n/10 , [][]\T1/zi4/m/n/10 get_interp[][][]()\T1/ptm/m/n/10 ,
[19]
Overfull \hbox (17.43004pt too wide) in paragraph at lines 1228--1240
[]\T1/ptm/m/n/10 Other get func-tions: [][]\T1/zi4/m/n/10 get_anchor[][][]()\T1
/ptm/m/n/10 , [][]\T1/zi4/m/n/10 get_basis_matrix[][][]()\T1/ptm/m/n/10 , [][]\
T1/zi4/m/n/10 get_dir_search[][][]()\T1/ptm/m/n/10 , [][]\T1/zi4/m/n/10 get_int
erp_last[][][]()\T1/ptm/m/n/10 ,
[20] [21]
Overfull \hbox (20.36096pt too wide) in paragraph at lines 1323--1335
[][]\T1/zi4/m/n/10 get_interp_last[][][]()\T1/ptm/m/n/10 , [][]\T1/zi4/m/n/10 g
et_interrupt[][][]()\T1/ptm/m/n/10 , [][]\T1/zi4/m/n/10 get_search_count[][][](
)\T1/ptm/m/n/10 , [][]\T1/zi4/m/n/10 get_search[][][]()\T1/ptm/m/n/10 , [][]\T1
/zi4/m/n/10 get_space_param[][][]()\T1/ptm/m/n/10 ,
[22]
Overfull \hbox (5.36096pt too wide) in paragraph at lines 1421--1433
[][]\T1/zi4/m/n/10 get_interp_last[][][]()\T1/ptm/m/n/10 , [][]\T1/zi4/m/n/10 g
et_interp[][][]()\T1/ptm/m/n/10 , [][]\T1/zi4/m/n/10 get_search_count[][][]()\T
1/ptm/m/n/10 , [][]\T1/zi4/m/n/10 get_search[][][]()\T1/ptm/m/n/10 , [][]\T1/zi
4/m/n/10 get_space_param[][][]()\T1/ptm/m/n/10 ,
[23]
Overfull \hbox (20.36096pt too wide) in paragraph at lines 1465--1477
[][]\T1/zi4/m/n/10 get_interp_last[][][]()\T1/ptm/m/n/10 , [][]\T1/zi4/m/n/10 g
et_interp[][][]()\T1/ptm/m/n/10 , [][]\T1/zi4/m/n/10 get_interrupt[][][]()\T1/p
tm/m/n/10 , [][]\T1/zi4/m/n/10 get_search_count[][][]()\T1/ptm/m/n/10 , [][]\T1
/zi4/m/n/10 get_space_param[][][]()\T1/ptm/m/n/10 ,
[24] [25] [26] [27] [28] (./Rd2.ind [29]

LaTeX Font Warning: Font shape `T1/zi4/m/it' undefined
(Font)              using `T1/zi4/m/n' instead on input line 40.


Overfull \hbox (20.01662pt too wide) in paragraph at lines 122--124
\T1/ptm/m/it/10 (\T1/zi4/m/it/10 scale_color_continuous_botanical\T1/ptm/m/it/1
0 )\T1/ptm/m/n/10 , 

Overfull \hbox (20.01662pt too wide) in paragraph at lines 124--126
\T1/ptm/m/it/10 (\T1/zi4/m/it/10 scale_color_continuous_botanical\T1/ptm/m/it/1
0 )\T1/ptm/m/n/10 , 

Overfull \hbox (20.01662pt too wide) in paragraph at lines 126--128
\T1/ptm/m/it/10 (\T1/zi4/m/it/10 scale_color_continuous_botanical\T1/ptm/m/it/1
0 )\T1/ptm/m/n/10 , 
[30]) (./Rd2.aux)

LaTeX Font Warning: Some font shapes were not available, defaults substituted.

 )
(see the transcript file for additional information){/Users/hzha400/Library/Tin
yTeX/texmf-dist/fonts/enc/dvips/base/8r.enc}{/Users/hzha400/Library/TinyTeX/tex
mf-dist/fonts/enc/dvips/inconsolata/i4-t1-0.enc}</Users/hzha400/Library/TinyTeX
/texmf-dist/fonts/type1/public/inconsolata/Inconsolata-zi4r.pfb></Users/hzha400
/Library/TinyTeX/texmf-dist/fonts/type1/public/amsfonts/cm/cmsy10.pfb></Users/h
zha400/Library/TinyTeX/texmf-dist/fonts/type1/urw/helvetic/uhvr8a.pfb></Users/h
zha400/Library/TinyTeX/texmf-dist/fonts/type1/urw/times/utmb8a.pfb></Users/hzha
400/Library/TinyTeX/texmf-dist/fonts/type1/urw/times/utmr8a.pfb></Users/hzha400
/Library/TinyTeX/texmf-dist/fonts/type1/urw/times/utmr8a.pfb></Users/hzha400/Li
brary/TinyTeX/texmf-dist/fonts/type1/urw/times/utmri8a.pfb>
Output written on Rd2.pdf (30 pages, 145560 bytes).
Transcript written on Rd2.log.
Saving output to ‘ferrn-manual.pdf’ ...
Done
You may want to clean up by 'rm -Rf /var/folders/_t/v9kjp3yn2k73wm16y_jlphgsbbd6_6/T//Rtmp06255F/Rd2pdf53f731c2994c'
